This file contains any messages produced by compilers while
running configure, to aid debugging if configure makes a mistake.

It was created by OOC configure 2.1.11, which was
generated by GNU Autoconf 2.60a.  Invocation command line was

  $ ./configure 

## --------- ##
## Platform. ##
## --------- ##

hostname = gunter-HP-G60
uname -m = x86_64
uname -r = 4.4.0-21-generic
uname -s = Linux
uname -v = #37-Ubuntu SMP Mon Apr 18 18:33:37 UTC 2016

/usr/bin/uname -p = unknown
/bin/uname -X     = unknown

/bin/arch              = unknown
/usr/bin/arch -k       = unknown
/usr/convex/getsysinfo = unknown
/usr/bin/hostinfo      = unknown
/bin/machine           = unknown
/usr/bin/oslevel       = unknown
/bin/universe          = unknown

PATH: /opt/voc/bin
PATH: /usr/local/sbin
PATH: /usr/local/bin
PATH: /usr/sbin
PATH: /usr/bin
PATH: /sbin
PATH: /bin
PATH: /usr/games
PATH: /usr/local/games
PATH: /usr/local/go/bin
PATH: /usr/local/plan9/bin
PATH: /usr/local/xds/bin
PATH: /usr/local/cm3/bin


## ----------- ##
## Core tests. ##
## ----------- ##

configure:1764: checking for gcc
configure:1780: found /usr/bin/gcc
configure:1791: result: gcc -m32
configure:2029: checking for C compiler version
configure:2036: gcc -m32 --version >&5
gcc (Ubuntu 5.4.0-6ubuntu1~16.04.5) 5.4.0 20160609
Copyright (C) 2015 Free Software Foundation, Inc.
This is free software; see the source for copying conditions.  There is NO
warranty; not even for MERCHANTABILITY or FITNESS FOR A PARTICULAR PURPOSE.

configure:2039: $? = 0
configure:2046: gcc -m32 -v >&5
Using built-in specs.
COLLECT_GCC=gcc
COLLECT_LTO_WRAPPER=/usr/lib/gcc/x86_64-linux-gnu/5/lto-wrapper
Target: x86_64-linux-gnu
Configured with: ../src/configure -v --with-pkgversion='Ubuntu 5.4.0-6ubuntu1~16.04.5' --with-bugurl=file:///usr/share/doc/gcc-5/README.Bugs --enable-languages=c,ada,c++,java,go,d,fortran,objc,obj-c++ --prefix=/usr --program-suffix=-5 --enable-shared --enable-linker-build-id --libexecdir=/usr/lib --without-included-gettext --enable-threads=posix --libdir=/usr/lib --enable-nls --with-sysroot=/ --enable-clocale=gnu --enable-libstdcxx-debug --enable-libstdcxx-time=yes --with-default-libstdcxx-abi=new --enable-gnu-unique-object --disable-vtable-verify --enable-libmpx --enable-plugin --with-system-zlib --disable-browser-plugin --enable-java-awt=gtk --enable-gtk-cairo --with-java-home=/usr/lib/jvm/java-1.5.0-gcj-5-amd64/jre --enable-java-home --with-jvm-root-dir=/usr/lib/jvm/java-1.5.0-gcj-5-amd64 --with-jvm-jar-dir=/usr/lib/jvm-exports/java-1.5.0-gcj-5-amd64 --with-arch-directory=amd64 --with-ecj-jar=/usr/share/java/eclipse-ecj.jar --enable-objc-gc --enable-multiarch --disable-werror --with-arch-32=i686 --with-abi=m64 --with-multilib-list=m32,m64,mx32 --enable-multilib --with-tune=generic --enable-checking=release --build=x86_64-linux-gnu --host=x86_64-linux-gnu --target=x86_64-linux-gnu
Thread model: posix
gcc version 5.4.0 20160609 (Ubuntu 5.4.0-6ubuntu1~16.04.5) 
configure:2049: $? = 0
configure:2056: gcc -m32 -V >&5
gcc: error: unrecognized command line option '-V'
gcc: fatal error: no input files
compilation terminated.
configure:2059: $? = 1
configure:2082: checking for C compiler default output file name
configure:2109: gcc -m32    conftest.c  >&5
configure:2112: $? = 0
configure:2150: result: a.out
configure:2167: checking whether the C compiler works
configure:2177: ./a.out
configure:2180: $? = 0
configure:2197: result: yes
configure:2204: checking whether we are cross compiling
configure:2206: result: no
configure:2209: checking for suffix of executables
configure:2216: gcc -m32 -o conftest    conftest.c  >&5
configure:2219: $? = 0
configure:2243: result: 
configure:2249: checking for suffix of object files
configure:2275: gcc -m32 -c   conftest.c >&5
configure:2278: $? = 0
configure:2301: result: o
configure:2305: checking whether we are using the GNU C compiler
configure:2334: gcc -m32 -c   conftest.c >&5
configure:2340: $? = 0
configure:2347: test -z "$ac_c_werror_flag" || test ! -s conftest.err
configure:2350: $? = 0
configure:2357: test -s conftest.o
configure:2360: $? = 0
configure:2374: result: yes
configure:2379: checking whether gcc -m32 accepts -g
configure:2409: gcc -m32 -c -g  conftest.c >&5
configure:2415: $? = 0
configure:2422: test -z "$ac_c_werror_flag" || test ! -s conftest.err
configure:2425: $? = 0
configure:2432: test -s conftest.o
configure:2435: $? = 0
configure:2565: result: yes
configure:2582: checking for gcc -m32 option to accept ISO C89
configure:2656: gcc -m32  -c -g -O2  conftest.c >&5
configure:2662: $? = 0
configure:2669: test -z "$ac_c_werror_flag" || test ! -s conftest.err
configure:2672: $? = 0
configure:2679: test -s conftest.o
configure:2682: $? = 0
configure:2702: result: none needed
configure:2726: checking how to run the C preprocessor
configure:2766: gcc -m32 -E  conftest.c
configure:2772: $? = 0
configure:2810: gcc -m32 -E  conftest.c
conftest.c:8:28: fatal error: ac_nonexistent.h: No such file or directory
compilation terminated.
configure:2816: $? = 1
configure: failed program was:
| /* confdefs.h.  */
| #define PACKAGE_NAME "OOC"
| #define PACKAGE_TARNAME "ooc"
| #define PACKAGE_VERSION "2.1.11"
| #define PACKAGE_STRING "OOC 2.1.11"
| #define PACKAGE_BUGREPORT "mva@users.sf.net"
| /* end confdefs.h.  */
| #include <ac_nonexistent.h>
configure:2856: result: gcc -m32 -E
configure:2885: gcc -m32 -E  conftest.c
configure:2891: $? = 0
configure:2929: gcc -m32 -E  conftest.c
conftest.c:8:28: fatal error: ac_nonexistent.h: No such file or directory
compilation terminated.
configure:2935: $? = 1
configure: failed program was:
| /* confdefs.h.  */
| #define PACKAGE_NAME "OOC"
| #define PACKAGE_TARNAME "ooc"
| #define PACKAGE_VERSION "2.1.11"
| #define PACKAGE_STRING "OOC 2.1.11"
| #define PACKAGE_BUGREPORT "mva@users.sf.net"
| /* end confdefs.h.  */
| #include <ac_nonexistent.h>
configure:2980: checking for grep that handles long lines and -e
configure:3054: result: /bin/grep
configure:3059: checking for egrep
configure:3137: result: /bin/grep -E
configure:3206: checking for a BSD-compatible install
configure:3262: result: /usr/bin/install -c
configure:3275: checking for oo2c
configure:3306: result: bin/oo2c --config oo2crc-install.xml
configure:3316: checking for ooef
configure:3347: result: bin/ooef
configure:3357: checking for diff
configure:3375: found /usr/bin/diff
configure:3388: result: /usr/bin/diff
configure:3398: checking for xsltproc
configure:3429: result: no
configure:3439: checking for perl
configure:3457: found /usr/bin/perl
configure:3470: result: /usr/bin/perl
configure:3489: checking for libtool
configure:3520: result: no
configure:3561: checking for dlopen in -ldl
configure:3596: gcc -m32 -o conftest -g -O2   conftest.c -ldl   >&5
configure:3602: $? = 0
configure:3609: test -z "$ac_c_werror_flag" || test ! -s conftest.err
configure:3612: $? = 0
configure:3619: test -s conftest
configure:3622: $? = 0
configure:3636: result: yes
configure:3654: checking for GC_malloc in -lgc
configure:3689: gcc -m32 -o conftest -g -O2   conftest.c -lgc  -ldl  >&5
configure:3695: $? = 0
configure:3702: test -z "$ac_c_werror_flag" || test ! -s conftest.err
configure:3705: $? = 0
configure:3712: test -s conftest
configure:3715: $? = 0
configure:3729: result: yes
configure:3747: checking for socket in -lxnet
configure:3782: gcc -m32 -o conftest -g -O2   conftest.c -lxnet  -lgc -ldl  >&5
/usr/bin/ld: cannot find -lxnet
collect2: error: ld returned 1 exit status
configure:3788: $? = 1
configure: failed program was:
| /* confdefs.h.  */
| #define PACKAGE_NAME "OOC"
| #define PACKAGE_TARNAME "ooc"
| #define PACKAGE_VERSION "2.1.11"
| #define PACKAGE_STRING "OOC 2.1.11"
| #define PACKAGE_BUGREPORT "mva@users.sf.net"
| #define HAVE_LIBDL 1
| #define HAVE_LIBGC 1
| /* end confdefs.h.  */
| 
| /* Override any GCC internal prototype to avoid an error.
|    Use char because int might match the return type of a GCC
|    builtin and then its argument prototype would still apply.  */
| #ifdef __cplusplus
| extern "C"
| #endif
| char socket ();
| int
| main ()
| {
| return socket ();
|   ;
|   return 0;
| }
configure:3822: result: no
configure:3840: checking for sem_init in -lrt
configure:3875: gcc -m32 -o conftest -g -O2   conftest.c -lrt  -lgc -ldl  >&5
/tmp/cc8WG9im.o: In function `main':
/home/gunter/GM_LANGUAGES/OBERON/V_2/OO2C/Git/oo2c_32-2.1.11/conftest.c:21: undefined reference to `sem_init'
collect2: error: ld returned 1 exit status
configure:3881: $? = 1
configure: failed program was:
| /* confdefs.h.  */
| #define PACKAGE_NAME "OOC"
| #define PACKAGE_TARNAME "ooc"
| #define PACKAGE_VERSION "2.1.11"
| #define PACKAGE_STRING "OOC 2.1.11"
| #define PACKAGE_BUGREPORT "mva@users.sf.net"
| #define HAVE_LIBDL 1
| #define HAVE_LIBGC 1
| /* end confdefs.h.  */
| 
| /* Override any GCC internal prototype to avoid an error.
|    Use char because int might match the return type of a GCC
|    builtin and then its argument prototype would still apply.  */
| #ifdef __cplusplus
| extern "C"
| #endif
| char sem_init ();
| int
| main ()
| {
| return sem_init ();
|   ;
|   return 0;
| }
configure:3915: result: no
configure:3933: checking for sem_init in -lposix4
configure:3968: gcc -m32 -o conftest -g -O2   conftest.c -lposix4  -lgc -ldl  >&5
/usr/bin/ld: cannot find -lposix4
collect2: error: ld returned 1 exit status
configure:3974: $? = 1
configure: failed program was:
| /* confdefs.h.  */
| #define PACKAGE_NAME "OOC"
| #define PACKAGE_TARNAME "ooc"
| #define PACKAGE_VERSION "2.1.11"
| #define PACKAGE_STRING "OOC 2.1.11"
| #define PACKAGE_BUGREPORT "mva@users.sf.net"
| #define HAVE_LIBDL 1
| #define HAVE_LIBGC 1
| /* end confdefs.h.  */
| 
| /* Override any GCC internal prototype to avoid an error.
|    Use char because int might match the return type of a GCC
|    builtin and then its argument prototype would still apply.  */
| #ifdef __cplusplus
| extern "C"
| #endif
| char sem_init ();
| int
| main ()
| {
| return sem_init ();
|   ;
|   return 0;
| }
configure:4008: result: no
configure:4203: checking for sin in -lm
configure:4238: gcc -m32 -o conftest -g -O2   conftest.c -lm  -lgc -ldl  >&5
conftest.c:17:6: warning: conflicting types for built-in function 'sin'
 char sin ();
      ^
configure:4244: $? = 0
configure:4251: test -z "$ac_c_werror_flag" || test ! -s conftest.err
configure:4254: $? = 0
configure:4261: test -s conftest
configure:4264: $? = 0
configure:4278: result: yes
configure:4299: checking for ANSI C header files
configure:4329: gcc -m32 -c -g -O2  conftest.c >&5
configure:4335: $? = 0
configure:4342: test -z "$ac_c_werror_flag" || test ! -s conftest.err
configure:4345: $? = 0
configure:4352: test -s conftest.o
configure:4355: $? = 0
configure:4451: gcc -m32 -o conftest -g -O2   conftest.c -lm -lgc -ldl  >&5
configure:4454: $? = 0
configure:4460: ./conftest
configure:4463: $? = 0
configure:4480: result: yes
configure:4504: checking for sys/types.h
configure:4525: gcc -m32 -c -g -O2  conftest.c >&5
configure:4531: $? = 0
configure:4538: test -z "$ac_c_werror_flag" || test ! -s conftest.err
configure:4541: $? = 0
configure:4548: test -s conftest.o
configure:4551: $? = 0
configure:4564: result: yes
configure:4504: checking for sys/stat.h
configure:4525: gcc -m32 -c -g -O2  conftest.c >&5
configure:4531: $? = 0
configure:4538: test -z "$ac_c_werror_flag" || test ! -s conftest.err
configure:4541: $? = 0
configure:4548: test -s conftest.o
configure:4551: $? = 0
configure:4564: result: yes
configure:4504: checking for stdlib.h
configure:4525: gcc -m32 -c -g -O2  conftest.c >&5
configure:4531: $? = 0
configure:4538: test -z "$ac_c_werror_flag" || test ! -s conftest.err
configure:4541: $? = 0
configure:4548: test -s conftest.o
configure:4551: $? = 0
configure:4564: result: yes
configure:4504: checking for string.h
configure:4525: gcc -m32 -c -g -O2  conftest.c >&5
configure:4531: $? = 0
configure:4538: test -z "$ac_c_werror_flag" || test ! -s conftest.err
configure:4541: $? = 0
configure:4548: test -s conftest.o
configure:4551: $? = 0
configure:4564: result: yes
configure:4504: checking for memory.h
configure:4525: gcc -m32 -c -g -O2  conftest.c >&5
configure:4531: $? = 0
configure:4538: test -z "$ac_c_werror_flag" || test ! -s conftest.err
configure:4541: $? = 0
configure:4548: test -s conftest.o
configure:4551: $? = 0
configure:4564: result: yes
configure:4504: checking for strings.h
configure:4525: gcc -m32 -c -g -O2  conftest.c >&5
configure:4531: $? = 0
configure:4538: test -z "$ac_c_werror_flag" || test ! -s conftest.err
configure:4541: $? = 0
configure:4548: test -s conftest.o
configure:4551: $? = 0
configure:4564: result: yes
configure:4504: checking for inttypes.h
configure:4525: gcc -m32 -c -g -O2  conftest.c >&5
configure:4531: $? = 0
configure:4538: test -z "$ac_c_werror_flag" || test ! -s conftest.err
configure:4541: $? = 0
configure:4548: test -s conftest.o
configure:4551: $? = 0
configure:4564: result: yes
configure:4504: checking for stdint.h
configure:4525: gcc -m32 -c -g -O2  conftest.c >&5
configure:4531: $? = 0
configure:4538: test -z "$ac_c_werror_flag" || test ! -s conftest.err
configure:4541: $? = 0
configure:4548: test -s conftest.o
configure:4551: $? = 0
configure:4564: result: yes
configure:4504: checking for unistd.h
configure:4525: gcc -m32 -c -g -O2  conftest.c >&5
configure:4531: $? = 0
configure:4538: test -z "$ac_c_werror_flag" || test ! -s conftest.err
configure:4541: $? = 0
configure:4548: test -s conftest.o
configure:4551: $? = 0
configure:4564: result: yes
configure:4598: checking sys/time.h usability
configure:4615: gcc -m32 -c -g -O2  conftest.c >&5
configure:4621: $? = 0
configure:4628: test -z "$ac_c_werror_flag" || test ! -s conftest.err
configure:4631: $? = 0
configure:4638: test -s conftest.o
configure:4641: $? = 0
configure:4652: result: yes
configure:4656: checking sys/time.h presence
configure:4671: gcc -m32 -E  conftest.c
configure:4677: $? = 0
configure:4698: result: yes
configure:4731: checking for sys/time.h
configure:4739: result: yes
configure:4588: checking for unistd.h
configure:4594: result: yes
configure:4598: checking io.h usability
configure:4615: gcc -m32 -c -g -O2  conftest.c >&5
conftest.c:56:16: fatal error: io.h: No such file or directory
compilation terminated.
configure:4621: $? = 1
configure: failed program was:
| /* confdefs.h.  */
| #define PACKAGE_NAME "OOC"
| #define PACKAGE_TARNAME "ooc"
| #define PACKAGE_VERSION "2.1.11"
| #define PACKAGE_STRING "OOC 2.1.11"
| #define PACKAGE_BUGREPORT "mva@users.sf.net"
| #define HAVE_LIBDL 1
| #define HAVE_LIBGC 1
| #define HAVE_LIBM 1
| #define STDC_HEADERS 1
| #define HAVE_SYS_TYPES_H 1
| #define HAVE_SYS_STAT_H 1
| #define HAVE_STDLIB_H 1
| #define HAVE_STRING_H 1
| #define HAVE_MEMORY_H 1
| #define HAVE_STRINGS_H 1
| #define HAVE_INTTYPES_H 1
| #define HAVE_STDINT_H 1
| #define HAVE_UNISTD_H 1
| #define HAVE_SYS_TIME_H 1
| #define HAVE_UNISTD_H 1
| /* end confdefs.h.  */
| #include <stdio.h>
| #ifdef HAVE_SYS_TYPES_H
| # include <sys/types.h>
| #endif
| #ifdef HAVE_SYS_STAT_H
| # include <sys/stat.h>
| #endif
| #ifdef STDC_HEADERS
| # include <stdlib.h>
| # include <stddef.h>
| #else
| # ifdef HAVE_STDLIB_H
| #  include <stdlib.h>
| # endif
| #endif
| #ifdef HAVE_STRING_H
| # if !defined STDC_HEADERS && defined HAVE_MEMORY_H
| #  include <memory.h>
| # endif
| # include <string.h>
| #endif
| #ifdef HAVE_STRINGS_H
| # include <strings.h>
| #endif
| #ifdef HAVE_INTTYPES_H
| # include <inttypes.h>
| #endif
| #ifdef HAVE_STDINT_H
| # include <stdint.h>
| #endif
| #ifdef HAVE_UNISTD_H
| # include <unistd.h>
| #endif
| #include <io.h>
configure:4652: result: no
configure:4656: checking io.h presence
configure:4671: gcc -m32 -E  conftest.c
conftest.c:23:16: fatal error: io.h: No such file or directory
compilation terminated.
configure:4677: $? = 1
configure: failed program was:
| /* confdefs.h.  */
| #define PACKAGE_NAME "OOC"
| #define PACKAGE_TARNAME "ooc"
| #define PACKAGE_VERSION "2.1.11"
| #define PACKAGE_STRING "OOC 2.1.11"
| #define PACKAGE_BUGREPORT "mva@users.sf.net"
| #define HAVE_LIBDL 1
| #define HAVE_LIBGC 1
| #define HAVE_LIBM 1
| #define STDC_HEADERS 1
| #define HAVE_SYS_TYPES_H 1
| #define HAVE_SYS_STAT_H 1
| #define HAVE_STDLIB_H 1
| #define HAVE_STRING_H 1
| #define HAVE_MEMORY_H 1
| #define HAVE_STRINGS_H 1
| #define HAVE_INTTYPES_H 1
| #define HAVE_STDINT_H 1
| #define HAVE_UNISTD_H 1
| #define HAVE_SYS_TIME_H 1
| #define HAVE_UNISTD_H 1
| /* end confdefs.h.  */
| #include <io.h>
configure:4698: result: no
configure:4731: checking for io.h
configure:4739: result: no
configure:4598: checking pwd.h usability
configure:4615: gcc -m32 -c -g -O2  conftest.c >&5
configure:4621: $? = 0
configure:4628: test -z "$ac_c_werror_flag" || test ! -s conftest.err
configure:4631: $? = 0
configure:4638: test -s conftest.o
configure:4641: $? = 0
configure:4652: result: yes
configure:4656: checking pwd.h presence
configure:4671: gcc -m32 -E  conftest.c
configure:4677: $? = 0
configure:4698: result: yes
configure:4731: checking for pwd.h
configure:4739: result: yes
configure:4598: checking utime.h usability
configure:4615: gcc -m32 -c -g -O2  conftest.c >&5
configure:4621: $? = 0
configure:4628: test -z "$ac_c_werror_flag" || test ! -s conftest.err
configure:4631: $? = 0
configure:4638: test -s conftest.o
configure:4641: $? = 0
configure:4652: result: yes
configure:4656: checking utime.h presence
configure:4671: gcc -m32 -E  conftest.c
configure:4677: $? = 0
configure:4698: result: yes
configure:4731: checking for utime.h
configure:4739: result: yes
configure:4588: checking for stdint.h
configure:4594: result: yes
configure:4588: checking for inttypes.h
configure:4594: result: yes
configure:4598: checking gc/gc.h usability
configure:4615: gcc -m32 -c -g -O2  conftest.c >&5
configure:4621: $? = 0
configure:4628: test -z "$ac_c_werror_flag" || test ! -s conftest.err
configure:4631: $? = 0
configure:4638: test -s conftest.o
configure:4641: $? = 0
configure:4652: result: yes
configure:4656: checking gc/gc.h presence
configure:4671: gcc -m32 -E  conftest.c
configure:4677: $? = 0
configure:4698: result: yes
configure:4731: checking for gc/gc.h
configure:4739: result: yes
configure:4752: checking whether time.h and sys/time.h may both be included
configure:4782: gcc -m32 -c -g -O2  conftest.c >&5
configure:4788: $? = 0
configure:4795: test -z "$ac_c_werror_flag" || test ! -s conftest.err
configure:4798: $? = 0
configure:4805: test -s conftest.o
configure:4808: $? = 0
configure:4820: result: yes
configure:4832: checking for long int
configure:4862: gcc -m32 -c -g -O2  conftest.c >&5
configure:4868: $? = 0
configure:4875: test -z "$ac_c_werror_flag" || test ! -s conftest.err
configure:4878: $? = 0
configure:4885: test -s conftest.o
configure:4888: $? = 0
configure:4900: result: yes
configure:4907: checking size of long int
configure:5300: gcc -m32 -o conftest -g -O2   conftest.c -lm -lgc -ldl  >&5
configure:5303: $? = 0
configure:5309: ./conftest
configure:5312: $? = 0
configure:5335: result: 4
configure:5352: checking for long long int
configure:5382: gcc -m32 -c -g -O2  conftest.c >&5
configure:5388: $? = 0
configure:5395: test -z "$ac_c_werror_flag" || test ! -s conftest.err
configure:5398: $? = 0
configure:5405: test -s conftest.o
configure:5408: $? = 0
configure:5420: result: yes
configure:5427: checking size of long long int
configure:5820: gcc -m32 -o conftest -g -O2   conftest.c -lm -lgc -ldl  >&5
configure:5823: $? = 0
configure:5829: ./conftest
configure:5832: $? = 0
configure:5855: result: 8
configure:5889: checking for void*
configure:5919: gcc -m32 -c -g -O2  conftest.c >&5
configure:5925: $? = 0
configure:5932: test -z "$ac_c_werror_flag" || test ! -s conftest.err
configure:5935: $? = 0
configure:5942: test -s conftest.o
configure:5945: $? = 0
configure:5957: result: yes
configure:5964: checking size of void*
configure:6357: gcc -m32 -o conftest -g -O2   conftest.c -lm -lgc -ldl  >&5
configure:6360: $? = 0
configure:6366: ./conftest
configure:6369: $? = 0
configure:6392: result: 4
configure:6409: checking for ssize_t
configure:6440: gcc -m32 -c -g -O2  conftest.c >&5
configure:6446: $? = 0
configure:6453: test -z "$ac_c_werror_flag" || test ! -s conftest.err
configure:6456: $? = 0
configure:6463: test -s conftest.o
configure:6466: $? = 0
configure:6478: result: yes
configure:6490: checking for struct stat.st_mtime_usec
configure:6519: gcc -m32 -c -g -O2  conftest.c >&5
conftest.c: In function 'main':
conftest.c:40:12: error: 'struct stat' has no member named 'st_mtime_usec'
 if (ac_aggr.st_mtime_usec)
            ^
configure:6525: $? = 1
configure: failed program was:
| /* confdefs.h.  */
| #define PACKAGE_NAME "OOC"
| #define PACKAGE_TARNAME "ooc"
| #define PACKAGE_VERSION "2.1.11"
| #define PACKAGE_STRING "OOC 2.1.11"
| #define PACKAGE_BUGREPORT "mva@users.sf.net"
| #define HAVE_LIBDL 1
| #define HAVE_LIBGC 1
| #define HAVE_LIBM 1
| #define STDC_HEADERS 1
| #define HAVE_SYS_TYPES_H 1
| #define HAVE_SYS_STAT_H 1
| #define HAVE_STDLIB_H 1
| #define HAVE_STRING_H 1
| #define HAVE_MEMORY_H 1
| #define HAVE_STRINGS_H 1
| #define HAVE_INTTYPES_H 1
| #define HAVE_STDINT_H 1
| #define HAVE_UNISTD_H 1
| #define HAVE_SYS_TIME_H 1
| #define HAVE_UNISTD_H 1
| #define HAVE_PWD_H 1
| #define HAVE_UTIME_H 1
| #define HAVE_STDINT_H 1
| #define HAVE_INTTYPES_H 1
| #define HAVE_GC_GC_H 1
| #define TIME_WITH_SYS_TIME 1
| #define SIZEOF_LONG_INT 4
| #define SIZEOF_LONG_LONG_INT 8
| #define OOC_INT64_T long long int
| #define SIZEOF_VOIDP 4
| #define HAVE_SSIZE_T 1
| /* end confdefs.h.  */
| #include <sys/stat.h>
| 
| int
| main ()
| {
| static struct stat ac_aggr;
| if (ac_aggr.st_mtime_usec)
| return 0;
|   ;
|   return 0;
| }
configure:6576: gcc -m32 -c -g -O2  conftest.c >&5
conftest.c: In function 'main':
conftest.c:40:19: error: 'struct stat' has no member named 'st_mtime_usec'
 if (sizeof ac_aggr.st_mtime_usec)
                   ^
configure:6582: $? = 1
configure: failed program was:
| /* confdefs.h.  */
| #define PACKAGE_NAME "OOC"
| #define PACKAGE_TARNAME "ooc"
| #define PACKAGE_VERSION "2.1.11"
| #define PACKAGE_STRING "OOC 2.1.11"
| #define PACKAGE_BUGREPORT "mva@users.sf.net"
| #define HAVE_LIBDL 1
| #define HAVE_LIBGC 1
| #define HAVE_LIBM 1
| #define STDC_HEADERS 1
| #define HAVE_SYS_TYPES_H 1
| #define HAVE_SYS_STAT_H 1
| #define HAVE_STDLIB_H 1
| #define HAVE_STRING_H 1
| #define HAVE_MEMORY_H 1
| #define HAVE_STRINGS_H 1
| #define HAVE_INTTYPES_H 1
| #define HAVE_STDINT_H 1
| #define HAVE_UNISTD_H 1
| #define HAVE_SYS_TIME_H 1
| #define HAVE_UNISTD_H 1
| #define HAVE_PWD_H 1
| #define HAVE_UTIME_H 1
| #define HAVE_STDINT_H 1
| #define HAVE_INTTYPES_H 1
| #define HAVE_GC_GC_H 1
| #define TIME_WITH_SYS_TIME 1
| #define SIZEOF_LONG_INT 4
| #define SIZEOF_LONG_LONG_INT 8
| #define OOC_INT64_T long long int
| #define SIZEOF_VOIDP 4
| #define HAVE_SSIZE_T 1
| /* end confdefs.h.  */
| #include <sys/stat.h>
| 
| int
| main ()
| {
| static struct stat ac_aggr;
| if (sizeof ac_aggr.st_mtime_usec)
| return 0;
|   ;
|   return 0;
| }
configure:6617: result: no
configure:6629: checking return type of signal handlers
configure:6657: gcc -m32 -c -g -O2  conftest.c >&5
conftest.c: In function 'main':
conftest.c:40:9: error: void value not ignored as it ought to be
 return *(signal (0, 0)) (0) == 1;
         ^
configure:6663: $? = 1
configure: failed program was:
| /* confdefs.h.  */
| #define PACKAGE_NAME "OOC"
| #define PACKAGE_TARNAME "ooc"
| #define PACKAGE_VERSION "2.1.11"
| #define PACKAGE_STRING "OOC 2.1.11"
| #define PACKAGE_BUGREPORT "mva@users.sf.net"
| #define HAVE_LIBDL 1
| #define HAVE_LIBGC 1
| #define HAVE_LIBM 1
| #define STDC_HEADERS 1
| #define HAVE_SYS_TYPES_H 1
| #define HAVE_SYS_STAT_H 1
| #define HAVE_STDLIB_H 1
| #define HAVE_STRING_H 1
| #define HAVE_MEMORY_H 1
| #define HAVE_STRINGS_H 1
| #define HAVE_INTTYPES_H 1
| #define HAVE_STDINT_H 1
| #define HAVE_UNISTD_H 1
| #define HAVE_SYS_TIME_H 1
| #define HAVE_UNISTD_H 1
| #define HAVE_PWD_H 1
| #define HAVE_UTIME_H 1
| #define HAVE_STDINT_H 1
| #define HAVE_INTTYPES_H 1
| #define HAVE_GC_GC_H 1
| #define TIME_WITH_SYS_TIME 1
| #define SIZEOF_LONG_INT 4
| #define SIZEOF_LONG_LONG_INT 8
| #define OOC_INT64_T long long int
| #define SIZEOF_VOIDP 4
| #define HAVE_SSIZE_T 1
| /* end confdefs.h.  */
| #include <sys/types.h>
| #include <signal.h>
| 
| int
| main ()
| {
| return *(signal (0, 0)) (0) == 1;
|   ;
|   return 0;
| }
configure:6695: result: void
configure:6708: checking for atexit
configure:6764: gcc -m32 -o conftest -g -O2   conftest.c -lm -lgc -ldl  >&5
configure:6770: $? = 0
configure:6777: test -z "$ac_c_werror_flag" || test ! -s conftest.err
configure:6780: $? = 0
configure:6787: test -s conftest
configure:6790: $? = 0
configure:6804: result: yes
configure:6708: checking for raise
configure:6764: gcc -m32 -o conftest -g -O2   conftest.c -lm -lgc -ldl  >&5
configure:6770: $? = 0
configure:6777: test -z "$ac_c_werror_flag" || test ! -s conftest.err
configure:6780: $? = 0
configure:6787: test -s conftest
configure:6790: $? = 0
configure:6804: result: yes
configure:6818: checking for ftruncate
configure:6874: gcc -m32 -o conftest -g -O2   conftest.c -lm -lgc -ldl  >&5
configure:6880: $? = 0
configure:6887: test -z "$ac_c_werror_flag" || test ! -s conftest.err
configure:6890: $? = 0
configure:6897: test -s conftest
configure:6900: $? = 0
configure:6914: result: yes
configure:6930: checking for gettimeofday
configure:6986: gcc -m32 -o conftest -g -O2   conftest.c -lm -lgc -ldl  >&5
configure:6992: $? = 0
configure:6999: test -z "$ac_c_werror_flag" || test ! -s conftest.err
configure:7002: $? = 0
configure:7009: test -s conftest
configure:7012: $? = 0
configure:7026: result: yes
configure:6930: checking for settimeofday
configure:6986: gcc -m32 -o conftest -g -O2   conftest.c -lm -lgc -ldl  >&5
configure:6992: $? = 0
configure:6999: test -z "$ac_c_werror_flag" || test ! -s conftest.err
configure:7002: $? = 0
configure:7009: test -s conftest
configure:7012: $? = 0
configure:7026: result: yes
configure:6930: checking for mkstemp
configure:6986: gcc -m32 -o conftest -g -O2   conftest.c -lm -lgc -ldl  >&5
configure:6992: $? = 0
configure:6999: test -z "$ac_c_werror_flag" || test ! -s conftest.err
configure:7002: $? = 0
configure:7009: test -s conftest
configure:7012: $? = 0
configure:7026: result: yes
configure:7041: checking for backtrace_symbols
configure:7097: gcc -m32 -o conftest -g -O2   conftest.c -lm -lgc -ldl  >&5
configure:7103: $? = 0
configure:7110: test -z "$ac_c_werror_flag" || test ! -s conftest.err
configure:7113: $? = 0
configure:7120: test -s conftest
configure:7123: $? = 0
configure:7137: result: yes
configure:7041: checking for readdir_r
configure:7097: gcc -m32 -o conftest -g -O2   conftest.c -lm -lgc -ldl  >&5
configure:7103: $? = 0
configure:7110: test -z "$ac_c_werror_flag" || test ! -s conftest.err
configure:7113: $? = 0
configure:7120: test -s conftest
configure:7123: $? = 0
configure:7137: result: yes
configure:7151: checking for lrint
configure:7207: gcc -m32 -o conftest -g -O2   conftest.c -lm -lgc -ldl  >&5
conftest.c:66:6: warning: conflicting types for built-in function 'lrint'
 char lrint ();
      ^
configure:7213: $? = 0
configure:7220: test -z "$ac_c_werror_flag" || test ! -s conftest.err
configure:7223: $? = 0
configure:7230: test -s conftest
configure:7233: $? = 0
configure:7247: result: yes
configure:7361: creating ./config.status

## ---------------------- ##
## Running config.status. ##
## ---------------------- ##

This file was extended by OOC config.status 2.1.11, which was
generated by GNU Autoconf 2.60a.  Invocation command line was

  CONFIG_FILES    = 
  CONFIG_HEADERS  = 
  CONFIG_LINKS    = 
  CONFIG_COMMANDS = 
  $ ./config.status 

on gunter-HP-G60

config.status:614: creating ENV
config.status:614: creating Makefile.config
config.status:749: WARNING:  Makefile.config.in seems to ignore the --datarootdir setting
config.status:614: creating rsrc/OOC/oo2crc.xml.mk
config.status:614: creating lib/pkginfo.xml
config.status:614: creating src/OOC/Config/Autoconf.Mod
config.status:614: creating rsrc/OOC/TestFramework/config.xml
config.status:614: creating rsrc/OOC/oobacktrace
config.status:614: creating lib/src/__config.h

## ---------------- ##
## Cache variables. ##
## ---------------- ##

ac_cv_c_compiler_gnu=yes
ac_cv_env_CC_set=
ac_cv_env_CC_value=
ac_cv_env_CFLAGS_set=
ac_cv_env_CFLAGS_value=
ac_cv_env_CPPFLAGS_set=
ac_cv_env_CPPFLAGS_value=
ac_cv_env_CPP_set=
ac_cv_env_CPP_value=
ac_cv_env_LDFLAGS_set=
ac_cv_env_LDFLAGS_value=
ac_cv_env_build_alias_set=
ac_cv_env_build_alias_value=
ac_cv_env_host_alias_set=
ac_cv_env_host_alias_value=
ac_cv_env_target_alias_set=
ac_cv_env_target_alias_value=
ac_cv_func_atexit=yes
ac_cv_func_backtrace_symbols=yes
ac_cv_func_ftruncate=yes
ac_cv_func_gettimeofday=yes
ac_cv_func_lrint=yes
ac_cv_func_mkstemp=yes
ac_cv_func_raise=yes
ac_cv_func_readdir_r=yes
ac_cv_func_settimeofday=yes
ac_cv_header_gc_gc_h=yes
ac_cv_header_inttypes_h=yes
ac_cv_header_io_h=no
ac_cv_header_memory_h=yes
ac_cv_header_pwd_h=yes
ac_cv_header_stdc=yes
ac_cv_header_stdint_h=yes
ac_cv_header_stdlib_h=yes
ac_cv_header_string_h=yes
ac_cv_header_strings_h=yes
ac_cv_header_sys_stat_h=yes
ac_cv_header_sys_time_h=yes
ac_cv_header_sys_types_h=yes
ac_cv_header_time=yes
ac_cv_header_unistd_h=yes
ac_cv_header_utime_h=yes
ac_cv_lib_dl_dlopen=yes
ac_cv_lib_gc_GC_malloc=yes
ac_cv_lib_m_sin=yes
ac_cv_lib_posix4_sem_init=no
ac_cv_lib_rt_sem_init=no
ac_cv_lib_xnet_socket=no
ac_cv_member_struct_stat_st_mtime_usec=no
ac_cv_objext=o
ac_cv_path_DIFF=/usr/bin/diff
ac_cv_path_EGREP='/bin/grep -E'
ac_cv_path_GREP=/bin/grep
ac_cv_path_LIBTOOL=no
ac_cv_path_OOC='bin/oo2c --config oo2crc-install.xml'
ac_cv_path_OOEF=bin/ooef
ac_cv_path_PERL=/usr/bin/perl
ac_cv_path_XSLTPROC=no
ac_cv_path_install='/usr/bin/install -c'
ac_cv_prog_CPP='gcc -m32 -E'
ac_cv_prog_ac_ct_CC='gcc -m32'
ac_cv_prog_cc_c89=
ac_cv_prog_cc_g=yes
ac_cv_sizeof_long_int=4
ac_cv_sizeof_long_long_int=8
ac_cv_sizeof_voidp=4
ac_cv_type_long_int=yes
ac_cv_type_long_long_int=yes
ac_cv_type_signal=void
ac_cv_type_ssize_t=yes
ac_cv_type_voidp=yes

## ----------------- ##
## Output variables. ##
## ----------------- ##

CC='gcc -m32'
CFLAGS='-g -O2'
COMPILER_MAJOR='2'
COMPILER_MINOR='1'
COMPILER_VERSION='2.1.11'
CPP='gcc -m32 -E'
CPPFLAGS=''
DEFS='-DHAVE_CONFIG_H'
DIFF='/usr/bin/diff'
ECHO_C=''
ECHO_N='-n'
ECHO_T=''
EGREP='/bin/grep -E'
EXEEXT=''
GREP='/bin/grep'
INSTALL_DATA='${INSTALL} -m 644'
INSTALL_PROGRAM='${INSTALL}'
INSTALL_SCRIPT='${INSTALL}'
LDFLAGS=''
LIBOBJS=''
LIBS='-lm -lgc -ldl '
LIBTOOL='no'
LTLIBOBJS=''
OBJEXT='o'
OFLAGS=''
OOC='bin/oo2c --config oo2crc-install.xml'
OOC_DEV_ROOT='/home/gunter/GM_LANGUAGES/OBERON/V_2/OO2C/Git/oo2c_32-2.1.11'
OOEF='bin/ooef'
PACKAGE_BUGREPORT='mva@users.sf.net'
PACKAGE_NAME='OOC'
PACKAGE_STRING='OOC 2.1.11'
PACKAGE_TARNAME='ooc'
PACKAGE_VERSION='2.1.11'
PATH_SEPARATOR=':'
PERL='/usr/bin/perl'
SHELL='/bin/bash'
TARGET_OS='Unix'
XSLTPROC='no'
ac_ct_CC='gcc -m32'
bindir='${exec_prefix}/bin'
build_alias=''
datadir='${datarootdir}'
datarootdir='${prefix}/share'
docdir='${datarootdir}/doc/${PACKAGE_TARNAME}'
dvidir='${docdir}'
exec_prefix='${prefix}'
host_alias=''
htmldir='${docdir}'
includedir='${prefix}/include'
infodir='${datarootdir}/info'
libdir='${exec_prefix}/lib'
libexecdir='${exec_prefix}/libexec'
localedir='${datarootdir}/locale'
localstatedir='${prefix}/var'
mandir='${datarootdir}/man'
oldincludedir='/usr/include'
ooc_have_lib_dl='TRUE'
ooc_have_lib_gc='TRUE'
ooc_have_lib_m='TRUE'
ooc_have_lib_mingwex='FALSE'
ooc_have_lib_posix4='FALSE'
ooc_have_lib_pthread='FALSE'
ooc_have_lib_rt='FALSE'
ooc_have_lib_wsock32='FALSE'
ooc_have_lib_xnet='FALSE'
ooc_target_address='32'
ooc_target_address_type='longint'
ooc_target_integer='64'
ooc_target_long_int='LONGINT'
ooc_target_long_set='SET'
pdfdir='${docdir}'
prefix='/usr/local'
program_transform_name='s,x,x,'
psdir='${docdir}'
sbindir='${exec_prefix}/sbin'
sharedstatedir='${prefix}/com'
sysconfdir='${prefix}/etc'
target_alias=''

## ----------- ##
## confdefs.h. ##
## ----------- ##

#define PACKAGE_NAME "OOC"
#define PACKAGE_TARNAME "ooc"
#define PACKAGE_VERSION "2.1.11"
#define PACKAGE_STRING "OOC 2.1.11"
#define PACKAGE_BUGREPORT "mva@users.sf.net"
#define HAVE_LIBDL 1
#define HAVE_LIBGC 1
#define HAVE_LIBM 1
#define STDC_HEADERS 1
#define HAVE_SYS_TYPES_H 1
#define HAVE_SYS_STAT_H 1
#define HAVE_STDLIB_H 1
#define HAVE_STRING_H 1
#define HAVE_MEMORY_H 1
#define HAVE_STRINGS_H 1
#define HAVE_INTTYPES_H 1
#define HAVE_STDINT_H 1
#define HAVE_UNISTD_H 1
#define HAVE_SYS_TIME_H 1
#define HAVE_UNISTD_H 1
#define HAVE_PWD_H 1
#define HAVE_UTIME_H 1
#define HAVE_STDINT_H 1
#define HAVE_INTTYPES_H 1
#define HAVE_GC_GC_H 1
#define TIME_WITH_SYS_TIME 1
#define SIZEOF_LONG_INT 4
#define SIZEOF_LONG_LONG_INT 8
#define OOC_INT64_T long long int
#define SIZEOF_VOIDP 4
#define HAVE_SSIZE_T 1
#define RETSIGTYPE void
#define HAVE_ATEXIT 1
#define HAVE_RAISE 1
#define HAVE_FTRUNCATE 1
#define HAVE_GETTIMEOFDAY 1
#define HAVE_SETTIMEOFDAY 1
#define HAVE_MKSTEMP 1
#define HAVE_BACKTRACE_SYMBOLS 1
#define HAVE_READDIR_R 1
#define HAVE_LRINT 1

configure: exit 0
